<?xml version="1.0" encoding="UTF-8"?>
<testng-results skipped="0" failed="0" ignored="0" total="1" passed="1">
  <reporter-output>
  </reporter-output>
  <suite name="Default suite" duration-ms="16360" started-at="2022-11-17T09:51:26Z" finished-at="2022-11-17T09:51:42Z">
    <groups>
    </groups>
    <test name="Default test" duration-ms="16360" started-at="2022-11-17T09:51:26Z" finished-at="2022-11-17T09:51:42Z">
      <class name="EndToEndTestingAPI.CreateProjectAndCheckInGuiAndDatabaseTest">
        <test-method status="PASS" signature="createProjectTest()[pri:0, instance:EndToEndTestingAPI.CreateProjectAndCheckInGuiAndDatabaseTest@ff5b51f]" name="createProjectTest" duration-ms="16304" started-at="2022-11-17T09:51:26Z" finished-at="2022-11-17T09:51:42Z">
          <reporter-output>
          </reporter-output>
        </test-method> <!-- createProjectTest -->
      </class> <!-- EndToEndTestingAPI.CreateProjectAndCheckInGuiAndDatabaseTest -->
    </test> <!-- Default test -->
  </suite> <!-- Default suite -->
</testng-results>
